cl : Command line warning D9035: option 'Gm' has been deprecated and will be removed in a future release
  GSPlay.cpp
e:\hoctap\documents\thuctap\gameloftthuctap\programming_lesson_06\trainingframework\src\gamestates\gsplay.cpp(113): warning C4244: 'argument': conversion from 'int' to 'GLfloat', possible loss of data
e:\hoctap\documents\thuctap\gameloftthuctap\programming_lesson_06\trainingframework\src\gamestates\gsplay.cpp(124): warning C4244: 'argument': conversion from 'int' to 'GLfloat', possible loss of data
e:\hoctap\documents\thuctap\gameloftthuctap\programming_lesson_06\trainingframework\src\gamestates\gsplay.cpp(129): warning C4244: 'argument': conversion from 'int' to 'GLfloat', possible loss of data
e:\hoctap\documents\thuctap\gameloftthuctap\programming_lesson_06\trainingframework\src\gamestates\gsplay.cpp(135): warning C4244: 'argument': conversion from 'int' to 'GLfloat', possible loss of data
e:\hoctap\documents\thuctap\gameloftthuctap\programming_lesson_06\trainingframework\src\gamestates\gsplay.cpp(527): warning C4244: 'argument': conversion from 'int' to 'GLfloat', possible loss of data
d:\unity\visual studio\vc\tools\msvc\14.16.27023\include\memory(1801): warning C4244: 'argument': conversion from '_Ty' to 'float', possible loss of data
          with
          [
              _Ty=double
          ]
  d:\unity\visual studio\vc\tools\msvc\14.16.27023\include\memory(1866): note: see reference to function template instantiation 'std::_Ref_count_obj<_Ty>::_Ref_count_obj<std::shared_ptr<Models>&,std::shared_ptr<Shaders>&,std::shared_ptr<Texture>&,int,double>(std::shared_ptr<Models> &,std::shared_ptr<Shaders> &,std::shared_ptr<Texture> &,int &&,double &&)' being compiled
          with
          [
              _Ty=AnimationSprite2D
          ]
  d:\unity\visual studio\vc\tools\msvc\14.16.27023\include\memory(1866): note: see reference to function template instantiation 'std::_Ref_count_obj<_Ty>::_Ref_count_obj<std::shared_ptr<Models>&,std::shared_ptr<Shaders>&,std::shared_ptr<Texture>&,int,double>(std::shared_ptr<Models> &,std::shared_ptr<Shaders> &,std::shared_ptr<Texture> &,int &&,double &&)' being compiled
          with
          [
              _Ty=AnimationSprite2D
          ]
  e:\hoctap\documents\thuctap\gameloftthuctap\programming_lesson_06\trainingframework\src\gamestates\gsplay.cpp(147): note: see reference to function template instantiation 'std::shared_ptr<AnimationSprite2D> std::make_shared<AnimationSprite2D,std::shared_ptr<Models>&,std::shared_ptr<Shaders>&,std::shared_ptr<Texture>&,int,double>(std::shared_ptr<Models> &,std::shared_ptr<Shaders> &,std::shared_ptr<Texture> &,int &&,double &&)' being compiled
d:\unity\visual studio\vc\tools\msvc\14.16.27023\include\memory(1801): warning C4244: 'argument': conversion from '_Ty' to 'float', possible loss of data
          with
          [
              _Ty=int
          ]
  d:\unity\visual studio\vc\tools\msvc\14.16.27023\include\memory(1866): note: see reference to function template instantiation 'std::_Ref_count_obj<_Ty>::_Ref_count_obj<std::shared_ptr<Models>&,std::shared_ptr<Shaders>&,std::shared_ptr<Texture>&,int,float>(std::shared_ptr<Models> &,std::shared_ptr<Shaders> &,std::shared_ptr<Texture> &,int &&,float &&)' being compiled
          with
          [
              _Ty=Bullet
          ]
  d:\unity\visual studio\vc\tools\msvc\14.16.27023\include\memory(1866): note: see reference to function template instantiation 'std::_Ref_count_obj<_Ty>::_Ref_count_obj<std::shared_ptr<Models>&,std::shared_ptr<Shaders>&,std::shared_ptr<Texture>&,int,float>(std::shared_ptr<Models> &,std::shared_ptr<Shaders> &,std::shared_ptr<Texture> &,int &&,float &&)' being compiled
          with
          [
              _Ty=Bullet
          ]
  e:\hoctap\documents\thuctap\gameloftthuctap\programming_lesson_06\trainingframework\src\gamestates\gsplay.cpp(768): note: see reference to function template instantiation 'std::shared_ptr<Bullet> std::make_shared<Bullet,std::shared_ptr<Models>&,std::shared_ptr<Shaders>&,std::shared_ptr<Texture>&,int,float>(std::shared_ptr<Models> &,std::shared_ptr<Shaders> &,std::shared_ptr<Texture> &,int &&,float &&)' being compiled
  VFX.cpp
  Generating Code...
  TrainingFramework.vcxproj -> E:\HocTap\Documents\ThucTap\GameLoftTHUCTAP\Programming_lesson_06\\BIN-Nvidia\TrainingFramework.exe
