e:\hoctap\documents\thuctap\gameloftthuctap\programming_lesson_06\trainingframework\debug-nvidia\vc141.pdb
e:\hoctap\documents\thuctap\gameloftthuctap\programming_lesson_06\trainingframework\debug-nvidia\vc141.idb
e:\hoctap\documents\thuctap\gameloftthuctap\programming_lesson_06\trainingframework\debug-nvidia\application.obj
e:\hoctap\documents\thuctap\gameloftthuctap\programming_lesson_06\trainingframework\debug-nvidia\resourcemanagers.obj
e:\hoctap\documents\thuctap\gameloftthuctap\programming_lesson_06\trainingframework\debug-nvidia\font.obj
e:\hoctap\documents\thuctap\gameloftthuctap\programming_lesson_06\trainingframework\debug-nvidia\gamebutton.obj
e:\hoctap\documents\thuctap\gameloftthuctap\programming_lesson_06\trainingframework\debug-nvidia\sprite2d.obj
e:\hoctap\documents\thuctap\gameloftthuctap\programming_lesson_06\trainingframework\debug-nvidia\camera.obj
e:\hoctap\documents\thuctap\gameloftthuctap\programming_lesson_06\trainingframework\debug-nvidia\sprite3d.obj
e:\hoctap\documents\thuctap\gameloftthuctap\programming_lesson_06\trainingframework\debug-nvidia\models.obj
e:\hoctap\documents\thuctap\gameloftthuctap\programming_lesson_06\trainingframework\debug-nvidia\shaders.obj
e:\hoctap\documents\thuctap\gameloftthuctap\programming_lesson_06\trainingframework\debug-nvidia\text.obj
e:\hoctap\documents\thuctap\gameloftthuctap\programming_lesson_06\trainingframework\debug-nvidia\texture.obj
e:\hoctap\documents\thuctap\gameloftthuctap\programming_lesson_06\trainingframework\debug-nvidia\gamestatebase.obj
e:\hoctap\documents\thuctap\gameloftthuctap\programming_lesson_06\trainingframework\debug-nvidia\gamestatemachine.obj
e:\hoctap\documents\thuctap\gameloftthuctap\programming_lesson_06\trainingframework\debug-nvidia\gsintro.obj
e:\hoctap\documents\thuctap\gameloftthuctap\programming_lesson_06\trainingframework\debug-nvidia\gsmenu.obj
e:\hoctap\documents\thuctap\gameloftthuctap\programming_lesson_06\trainingframework\debug-nvidia\gsplay.obj
e:\hoctap\documents\thuctap\gameloftthuctap\programming_lesson_06\trainingframework\debug-nvidia\trainingframework.obj
e:\hoctap\documents\thuctap\gameloftthuctap\programming_lesson_06\trainingframework\debug-nvidia\gscredits.obj
e:\hoctap\documents\thuctap\gameloftthuctap\programming_lesson_06\trainingframework\debug-nvidia\gsoption.obj
e:\hoctap\documents\thuctap\gameloftthuctap\programming_lesson_06\trainingframework\debug-nvidia\savingsys.obj
e:\hoctap\documents\thuctap\gameloftthuctap\programming_lesson_06\trainingframework\debug-nvidia\animationsprite2d.obj
e:\hoctap\documents\thuctap\gameloftthuctap\programming_lesson_06\trainingframework\debug-nvidia\character.obj
e:\hoctap\documents\thuctap\gameloftthuctap\programming_lesson_06\trainingframework\debug-nvidia\enemy.obj
e:\hoctap\documents\thuctap\gameloftthuctap\programming_lesson_06\trainingframework\debug-nvidia\bullet.obj
e:\hoctap\documents\thuctap\gameloftthuctap\programming_lesson_06\trainingframework\debug-nvidia\vfx.obj
e:\hoctap\documents\thuctap\gameloftthuctap\programming_lesson_06\bin-nvidia\trainingframework.exe
e:\hoctap\documents\thuctap\gameloftthuctap\programming_lesson_06\bin-nvidia\trainingframework.ilk
e:\hoctap\documents\thuctap\gameloftthuctap\programming_lesson_06\bin-nvidia\trainingframework.pdb
e:\hoctap\documents\thuctap\gameloftthuctap\programming_lesson_06\\bin-nvidia\trainingframework.pdb
e:\hoctap\documents\thuctap\gameloftthuctap\programming_lesson_06\\bin-nvidia\trainingframework.exe
e:\hoctap\documents\thuctap\gameloftthuctap\programming_lesson_06\\bin-nvidia\trainingframework.ilk
e:\hoctap\documents\thuctap\gameloftthuctap\programming_lesson_06\trainingframework\debug-nvidia\training.fc024ec8.tlog\cl.command.1.tlog
e:\hoctap\documents\thuctap\gameloftthuctap\programming_lesson_06\trainingframework\debug-nvidia\training.fc024ec8.tlog\cl.read.1.tlog
e:\hoctap\documents\thuctap\gameloftthuctap\programming_lesson_06\trainingframework\debug-nvidia\training.fc024ec8.tlog\cl.write.1.tlog
e:\hoctap\documents\thuctap\gameloftthuctap\programming_lesson_06\trainingframework\debug-nvidia\training.fc024ec8.tlog\link.command.1.tlog
e:\hoctap\documents\thuctap\gameloftthuctap\programming_lesson_06\trainingframework\debug-nvidia\training.fc024ec8.tlog\link.read.1.tlog
e:\hoctap\documents\thuctap\gameloftthuctap\programming_lesson_06\trainingframework\debug-nvidia\training.fc024ec8.tlog\link.write.1.tlog
